d:\projects\tanx\tanx\debug\vc141.pdb
d:\projects\tanx\tanx\debug\context.obj
d:\projects\tanx\tanx\debug\vc141.idb
d:\projects\tanx\tanx\debug\tanx.obj
d:\projects\tanx\tanx\debug\objectpool.obj
d:\projects\tanx\tanx\debug\messageobserver.obj
d:\projects\tanx\tanx\debug\logics.obj
d:\projects\tanx\tanx\debug\entity.obj
d:\projects\tanx\tanx\debug\messagemanager.obj
d:\projects\tanx\tanx\debug\communicator.obj
d:\projects\tanx\tanx\debug\tanx.pch
d:\projects\tanx\tanx\debug\stdafx.obj
d:\projects\tanx\debug\tanx.exe
d:\projects\tanx\debug\tanx.ilk
d:\projects\tanx\debug\tanx.pdb
d:\projects\tanx\tanx\debug\communicator.new.obj.enc
d:\projects\tanx\tanx\debug\messagemanager.obj.enc
d:\projects\tanx\tanx\debug\tanx.tlog\cl.command.1.tlog
d:\projects\tanx\tanx\debug\tanx.tlog\cl.read.1.tlog
d:\projects\tanx\tanx\debug\tanx.tlog\cl.write.1.tlog
d:\projects\tanx\tanx\debug\tanx.tlog\link.command.1.tlog
d:\projects\tanx\tanx\debug\tanx.tlog\link.read.1.tlog
d:\projects\tanx\tanx\debug\tanx.tlog\link.write.1.tlog
